<?xml version="1.0" encoding="UTF-8"?>
<!-- Generated by org.testng.reporters.JUnitXMLReporter -->
<testsuite ignored="0" hostname="PrimeTechs-iMac" failures="0" tests="8" name="Crater Regression Test" time="4.262" errors="0" timestamp="2024-03-12T20:22:44 EDT">
  <testcase classname="api_tests.Items_management_api" name="login_test" time="1.029"/>
  <testcase classname="api_tests.Items_management_api" name="create_item" time="0.596"/>
  <testcase classname="api_tests.Items_management_api" name="get_item" time="0.499"/>
  <testcase classname="api_tests.Items_management_api" name="list_all_items" time="1.369"/>
  <testcase classname="api_tests.Items_management_api" name="update_item" time="0.486"/>
  <testcase classname="api_tests.Items_management_api" name="delete_item" time="0.259"/>
  <testcase classname="api_tests.TestNGDemo" name="demoTest" time="0.0"/>
  <testcase classname="api_tests.TestNGDemo" name="anotherTest" time="0.0"/>
</testsuite> <!-- Crater Regression Test -->
