<?xml version="1.0" encoding="UTF-8"?>
<!-- Generated by org.testng.reporters.JUnitXMLReporter -->
<testsuite ignored="1" hostname="PrimeTechs-iMac" failures="0" tests="5" name="Default test" time="2.749" errors="0" timestamp="2024-03-06T20:38:34 EST">
  <testcase classname="api_tests.Items_management_api" name="login_test" time="1.064"/>
  <testcase classname="api_tests.Items_management_api" name="create_item" time="0.548"/>
  <testcase classname="api_tests.Items_management_api" name="get_item" time="0.449"/>
  <testcase classname="api_tests.Items_management_api" name="update_item" time="0.448"/>
  <testcase classname="api_tests.Items_management_api" name="delete_item" time="0.206"/>
  <testcase classname="api_tests.Items_management_api" name="list_all_items" time="0.0">
    <ignored/>
  </testcase> <!-- list_all_items -->
</testsuite> <!-- Default test -->
