<?xml version="1.0" encoding="UTF-8"?>
<!-- Generated by org.testng.reporters.JUnitXMLReporter -->
<testsuite ignored="4" hostname="PrimeTechs-iMac" failures="0" tests="2" name="Default test" time="2.313" errors="0" timestamp="2024-03-14T21:34:33 EDT">
  <testcase classname="api_tests.Items_management_api" name="login_test" time="1.191"/>
  <testcase classname="api_tests.Items_management_api" name="create_item" time="1.085"/>
  <testcase classname="api_tests.Items_management_api" name="update_item" time="0.0">
    <ignored/>
  </testcase> <!-- update_item -->
  <testcase classname="api_tests.Items_management_api" name="list_all_items" time="0.0">
    <ignored/>
  </testcase> <!-- list_all_items -->
  <testcase classname="api_tests.Items_management_api" name="get_item" time="0.0">
    <ignored/>
  </testcase> <!-- get_item -->
  <testcase classname="api_tests.Items_management_api" name="delete_item" time="0.0">
    <ignored/>
  </testcase> <!-- delete_item -->
</testsuite> <!-- Default test -->
