<?xml version="1.0" encoding="UTF-8"?>
<!-- Generated by org.testng.reporters.JUnitXMLReporter -->
<testsuite ignored="0" hostname="PrimeTechs-iMac" failures="0" tests="8" name="Crater Regression Test" time="2.764" errors="0" timestamp="2024-03-12T21:04:56 EDT">
  <testcase classname="api_tests.TestNGDemo" name="demoTest" time="0.001"/>
  <testcase classname="api_tests.TestNGDemo" name="anotherTest" time="0.001"/>
  <testcase classname="api_tests.Items_management_api" name="login_test" time="1.139"/>
  <testcase classname="api_tests.Items_management_api" name="create_item" time="0.613"/>
  <testcase classname="api_tests.Items_management_api" name="get_item" time="0.432"/>
  <testcase classname="api_tests.Items_management_api" name="update_item" time="0.34"/>
  <testcase classname="api_tests.Items_management_api" name="list_all_items" time="1.46"/>
  <testcase classname="api_tests.Items_management_api" name="delete_item" time="0.205"/>
</testsuite> <!-- Crater Regression Test -->
