<?xml version="1.0" encoding="UTF-8"?>
<!-- Generated by org.testng.reporters.JUnitXMLReporter -->
<testsuite ignored="0" hostname="PrimeTechs-iMac" failures="0" tests="8" name="Crater Regression Test" time="4.376" errors="0" timestamp="2024-03-12T20:11:40 EDT">
  <testcase classname="api_tests.Items_management_api" name="login_test" time="1.215"/>
  <testcase classname="api_tests.Items_management_api" name="create_item" time="0.592"/>
  <testcase classname="api_tests.Items_management_api" name="get_item" time="0.446"/>
  <testcase classname="api_tests.Items_management_api" name="list_all_items" time="1.378"/>
  <testcase classname="api_tests.Items_management_api" name="update_item" time="0.497"/>
  <testcase classname="api_tests.Items_management_api" name="delete_item" time="0.21"/>
  <testcase classname="api_tests.TestNGDemo" name="demoTest" time="0.0"/>
  <testcase classname="api_tests.TestNGDemo" name="anotherTest" time="0.0"/>
</testsuite> <!-- Crater Regression Test -->
