<?xml version="1.0" encoding="UTF-8"?>
<!-- Generated by org.testng.reporters.JUnitXMLReporter -->
<testsuite ignored="4" hostname="PrimeTechs-iMac" failures="0" tests="4" name="Crater Items API Tests" time="1.691" errors="0" timestamp="2024-03-12T20:23:15 EDT">
  <testcase classname="api_tests.Items_management_api" name="login_test" time="1.108"/>
  <testcase classname="api_tests.Items_management_api" name="create_item" time="0.56"/>
  <testcase classname="api_tests.TestNGDemo" name="demoTest" time="0.0"/>
  <testcase classname="api_tests.TestNGDemo" name="anotherTest" time="0.0"/>
  <testcase classname="api_tests.Items_management_api" name="delete_item" time="0.0">
    <ignored/>
  </testcase> <!-- delete_item -->
  <testcase classname="api_tests.Items_management_api" name="update_item" time="0.0">
    <ignored/>
  </testcase> <!-- update_item -->
  <testcase classname="api_tests.Items_management_api" name="get_item" time="0.0">
    <ignored/>
  </testcase> <!-- get_item -->
  <testcase classname="api_tests.Items_management_api" name="list_all_items" time="0.0">
    <ignored/>
  </testcase> <!-- list_all_items -->
</testsuite> <!-- Crater Items API Tests -->
