<?xml version="1.0" encoding="UTF-8"?>
<testng-results ignored="0" total="5" passed="5" failed="0" skipped="0">
  <reporter-output>
  </reporter-output>
  <suite started-at="2024-03-06T20:38:32 EST" name="Default suite" finished-at="2024-03-06T20:38:34 EST" duration-ms="2749">
    <groups>
    </groups>
    <test started-at="2024-03-06T20:38:32 EST" name="Default test" finished-at="2024-03-06T20:38:34 EST" duration-ms="2749">
      <class name="api_tests.Items_management_api">
        <test-method signature="login_test()[pri:0, instance:api_tests.Items_management_api@7ed7259e]" started-at="2024-03-06T20:38:32 EST" name="login_test" finished-at="2024-03-06T20:38:33 EST" duration-ms="1064" status="PASS">
          <reporter-output>
          </reporter-output>
        </test-method> <!-- login_test -->
        <test-method signature="create_item()[pri:0, instance:api_tests.Items_management_api@7ed7259e]" started-at="2024-03-06T20:38:33 EST" name="create_item" finished-at="2024-03-06T20:38:33 EST" depends-on-methods="api_tests.Items_management_api.login_test" duration-ms="548" status="PASS">
          <reporter-output>
          </reporter-output>
        </test-method> <!-- create_item -->
        <test-method signature="get_item()[pri:0, instance:api_tests.Items_management_api@7ed7259e]" started-at="2024-03-06T20:38:33 EST" name="get_item" finished-at="2024-03-06T20:38:34 EST" depends-on-methods="api_tests.Items_management_api.create_item" duration-ms="449" status="PASS">
          <reporter-output>
          </reporter-output>
        </test-method> <!-- get_item -->
        <test-method signature="update_item()[pri:0, instance:api_tests.Items_management_api@7ed7259e]" started-at="2024-03-06T20:38:34 EST" name="update_item" finished-at="2024-03-06T20:38:34 EST" depends-on-methods="api_tests.Items_management_api.get_item" duration-ms="448" status="PASS">
          <reporter-output>
          </reporter-output>
        </test-method> <!-- update_item -->
        <test-method signature="delete_item()[pri:0, instance:api_tests.Items_management_api@7ed7259e]" started-at="2024-03-06T20:38:34 EST" name="delete_item" finished-at="2024-03-06T20:38:34 EST" depends-on-methods="api_tests.Items_management_api.update_item" duration-ms="206" status="PASS">
          <reporter-output>
          </reporter-output>
        </test-method> <!-- delete_item -->
      </class> <!-- api_tests.Items_management_api -->
    </test> <!-- Default test -->
  </suite> <!-- Default suite -->
</testng-results>
