<?xml version="1.0" encoding="UTF-8"?>
<testng-results ignored="0" total="1" passed="1" failed="0" skipped="0">
  <reporter-output>
  </reporter-output>
  <suite started-at="2024-03-11T21:07:58 EDT" name="Default suite" finished-at="2024-03-11T21:07:59 EDT" duration-ms="950">
    <groups>
    </groups>
    <test started-at="2024-03-11T21:07:58 EDT" name="Default test" finished-at="2024-03-11T21:07:59 EDT" duration-ms="950">
      <class name="api_tests.Items_Mngt_Improved">
        <test-method signature="petStore_invalid_endpoint()[pri:0, instance:api_tests.Items_Mngt_Improved@fd8294b]" started-at="2024-03-11T21:07:58 EDT" name="petStore_invalid_endpoint" finished-at="2024-03-11T21:07:59 EDT" duration-ms="935" status="PASS">
          <reporter-output>
          </reporter-output>
        </test-method> <!-- petStore_invalid_endpoint -->
      </class> <!-- api_tests.Items_Mngt_Improved -->
    </test> <!-- Default test -->
  </suite> <!-- Default suite -->
</testng-results>
